<?xml version="1.0" encoding="utf-8" standalone="no"?>
<!--This file represents the results of running a test suite-->
<test-results name="D:\achchuthan.org\UnitTesting\program\program.Test\bin\Debug\program.Test.dll" total="2" errors="0" failures="0" not-run="0" inconclusive="0" ignored="0" skipped="0" invalid="0" date="2015-06-22" time="10:13:40">
  <environment nunit-version="2.6.4.14350" clr-version="2.0.50727.7905" os-version="Microsoft Windows NT 6.2.9200.0" platform="Win32NT" cwd="C:\Program Files (x86)\NUnit 2.6.4\bin" machine-name="ACHCHUTHANY" user="AchchuthanY" user-domain="SERANET" />
  <culture-info current-culture="en-US" current-uiculture="en-GB" />
  <test-suite type="Assembly" name="D:\achchuthan.org\UnitTesting\program\program.Test\bin\Debug\program.Test.dll" executed="True" result="Success" success="True" time="0.175" asserts="0">
    <results>
      <test-suite type="Namespace" name="program" executed="True" result="Success" success="True" time="0.155" asserts="0">
        <results>
          <test-suite type="Namespace" name="Test" executed="True" result="Success" success="True" time="0.093" asserts="0">
            <results>
              <test-suite type="TestFixture" name="TestClass" executed="True" result="Success" success="True" time="0.088" asserts="0">
                <results>
                  <test-suite type="ParameterizedTest" name="AddTest" executed="True" result="Success" success="True" time="0.054" asserts="0">
                    <results>
                      <test-case name="program.Test.TestClass.AddTest()" executed="True" result="Success" success="True" time="0.044" asserts="1" />
                    </results>
                  </test-suite>
                  <test-suite type="ParameterizedTest" name="SubtractTest" executed="True" result="Success" success="True" time="0.001" asserts="0">
                    <results>
                      <test-case name="program.Test.TestClass.SubtractTest()" executed="True" result="Success" success="True" time="0.001" asserts="1" />
                    </results>
                  </test-suite>
                </results>
              </test-suite>
            </results>
          </test-suite>
        </results>
      </test-suite>
    </results>
  </test-suite>
</test-results>